Rufus x86 v3.22.2009 (Portable)
Windows version: Windows 7 SP1 64-bit
Syslinux versions: 4.07/2013-07-25, 6.04/pre1
Grub versions: 0.4.6a, 2.06
System locale ID: 0x0409 (en-US)
Will use default UI locale 0x0409
SetLGP: Successfully set NoDriveTypeAutorun policy to 0x0000009E
Localization set to 'en-US'
Notice: The ISO download feature has been deactivated because 'Check for updates' is disabled in your settings.
Could not get node connection information for 'USB\VID_0951&PID_1643\F46D04613DF5FBCOF96723E': [0x00000057] The parameter is incorrect.
Found USB device 'Kingston DataTraveler G3 USB Device' (0951:1643) [ID]
Could not get device number for device \\.\T: [0x00000057] The parameter is incorrect.
Could not get device number for device \\.\T: [0x00000057] The parameter is incorrect.
1 device found
Disk type: Removable, Disk size: 4GB, Sector size: 512 bytes
Cylinders: 485, Tracks per cylinder: 255, Sectors per track: 63
Partition type: MBR, NB Partitions: 2
Disk ID: 0xCAD4EBEA
Drive has an unknown Master Boot Record
Partition 1:
  Type: NTFS (0x07)
  Detected File System: NTFS
  Size: 947 MB (993001472 bytes)
  Start Sector: 2969600, Boot: No
Partition 4:
  Type: Hidden FAT16 (0x16)
  Detected File System: FAT32
  Size: 1.4 GB (1481637888 bytes)
  Start Sector: 4909056, Boot: No
Scanning image...
ISO analysis:
  Image is an ISO9660 image
  Will use '/isolinux.cfg' for Syslinux
  Detected Syslinux version: 3.86 (from '/isolinux.bin')
Disk image analysis:
  Image does not have a Boot Marker
ISO label: 'ESXI-8.0U2-22380479-STANDARD'
  Size: 639.9 MB (Projected)
  Uses: Syslinux/Isolinux v3.86
    With an old menu.c32
  Uses: EFI
Using image: VMware-VMvisor-Installer-8.0U2-22380479.x86_64.iso (640.0 MB)
Will replace obsolete 'menu.c32' from ISO with the one found in 'D:\tools\rufus-3.22p\Rufus\syslinux-4.07/menu.c32'
Could not get device number for device \\.\T: [0x00000057] The parameter is incorrect.

Format operation started
Requesting disk access...
Could not get device number for device \\.\T: [0x00000057] The parameter is incorrect.
Could not get device number for device \\.\T: [0x00000057] The parameter is incorrect.
Will use 'E:' as volume mountpoint
Opened \\.\PhysicalDrive2 for exclusive write access
Analyzing existing boot records...
Drive has an unknown Master Boot Record
Clearing MBR/PBR/GPT structures...
Erasing 128 sectors
Initializing disk...
Partitioning (MBR)...
● Creating Main Data Partition (offset: 1048576, size: 3.7 GB)
Waiting for logical drive to reappear...
Formatting to FAT32 (using IFS)
Using cluster size: 4096 bytes
Quick format was selected
Creating file system...
Format completed.
Writing Master Boot Record...
Set bootable USB partition as 0x80
Using Syslinux MBR
Found volume \\?\Volume{cacc2fe6-e765-11ee-b3c0-e60370851292}\
Could not get device number for device \\.\T: [0x00000057] The parameter is incorrect.
Installing Syslinux 3.86...
Opened \\?\Volume{cacc2fe6-e765-11ee-b3c0-e60370851292} for shared write access
Successfully wrote 'ldlinux.sys'
Successfully wrote Syslinux boot record
Successfully remounted \\?\Volume{cacc2fe6-e765-11ee-b3c0-e60370851292}\ as E:
Extracting files...
Image is an ISO9660 image
This image will be extracted using Joliet extensions (if present)
Extracting: E:\.discinfo (33 bytes)
Extracting: E:\atlantic.v00 (244.7 KB)
Extracting: E:\b.b00 (145.1 KB)
Extracting: E:\basemisc.tgz (3.2 MB)
Extracting: E:\bcm_mpi3.v00 (136.8 KB)
Extracting: E:\bmcal.v00 (32.5 KB)
Extracting: E:\bnxtnet.v00 (283.7 KB)
Extracting: E:\bnxtroce.v00 (113.8 KB)
Extracting: E:\boot.cat (512 bytes)
Extracting: E:\boot.cfg (1.9 KB)
Extracting: E:\brcmfcoe.v00 (587.5 KB)
Extracting: E:\btldr.v00 (1.1 MB)
Extracting: E:\clusters.v00 (10.7 MB)
Extracting: E:\cndi_igc.v00 (44.3 KB)
Extracting: E:\crx.v00 (15.1 MB)
Extracting: E:\drivervm.v00 (2.8 MB)
Extracting: E:\dwi2c.v00 (22.9 KB)
Extracting: E:\efi\boot\boot.cfg (1.9 KB)
Extracting: E:\efi\boot\bootx64.efi (206.9 KB)
Extracting: E:\efi\boot\crypto64.efi (72.4 KB)
Extracting: E:\efi\boot\safeboot.efi (111.1 KB)
Extracting: E:\efiboot.img (1 MB)
Extracting: E:\elxiscsi.v00 (153.1 KB)
Extracting: E:\elxnet.v00 (174.5 KB)
Extracting: E:\elx_esx_.v00 (444.4 KB)
Extracting: E:\esxiodpt.tgz (153.7 MB)
Extracting: E:\esxio_co.v00 (353.4 KB)
Extracting: E:\esxupdt.v00 (587.2 KB)
Extracting: E:\esx_dvfi.v00 (117.3 KB)
Extracting: E:\esx_ui.v00 (4.7 MB)
Extracting: E:\fatbootsector (512 bytes)
Extracting: E:\features.gz (20 bytes)
Extracting: E:\gc.v00 (15.9 KB)
Extracting: E:\hbrsrv.v00 (1.6 MB)
Extracting: E:\i40en.v00 (251.1 KB)
Extracting: E:\iavmd.v00 (214.1 KB)
Extracting: E:\icen.v00 (542.1 KB)
Extracting: E:\igbn.v00 (97.1 KB)
Extracting: E:\imgdb.tgz (353.5 KB)
Extracting: E:\imgpayld.tgz (9.5 MB)
Extracting: E:\infravis.v00 (23.0 MB)
Extracting: E:\intelgpi.v00 (5.5 KB)
Extracting: E:\ionic_cl.v00 (120.4 KB)
Extracting: E:\ionic_en.v00 (133.0 KB)
Extracting: E:\irdman.v00 (200.9 KB)
Extracting: E:\iser.v00 (78.3 KB)
Extracting: E:\isolinux.bin (14 KB)
Extracting: E:\isolinux.cfg (269 bytes)
Extracting: E:\ixgben.v00 (160.9 KB)
Extracting: E:\jumpstrt.gz (20 bytes)
Extracting: E:\k.b00 (5.9 MB)
Skipping 'ldlinux.sys' file from ISO image
Extracting: E:\loadesx.v00 (395.1 KB)
Extracting: E:\lpfc.v00 (929.1 KB)
Extracting: E:\lpnic.v00 (173.8 KB)
Extracting: E:\lsi_mr3.v00 (114.2 KB)
Extracting: E:\lsi_msgp.v00 (133.7 KB)
Extracting: E:\lsi_msgp.v01 (185.8 KB)
Extracting: E:\lsi_msgp.v02 (145.3 KB)
Extracting: E:\lsuv2_hp.v00 (23.8 KB)
Extracting: E:\lsuv2_in.v00 (23.9 KB)
Extracting: E:\lsuv2_ls.v00 (489.8 KB)
Extracting: E:\lsuv2_nv.v00 (2.8 KB)
Extracting: E:\lsuv2_oe.v00 (4.4 KB)
Extracting: E:\lsuv2_oe.v01 (4.1 KB)
Extracting: E:\lsuv2_sm.v00 (21.9 KB)
Extracting: E:\mboot.c32 (107.1 KB)
Extracting: E:\menu.c32 (52.2 KB)
  Replaced with local version ✓
Extracting: E:\mtip32xx.v00 (70.9 KB)
Extracting: E:\native_m.v00 (618.1 KB)
Extracting: E:\ne1000.v00 (175.2 KB)
Extracting: E:\nenic.v00 (76.5 KB)
Extracting: E:\nfnic.v00 (215.1 KB)
Extracting: E:\nhpsa.v00 (185.3 KB)
Extracting: E:\nipmi.v00 (32.7 KB)
Extracting: E:\nmlx5_cc.v00 (712.8 KB)
Extracting: E:\nmlx5_co.v00 (835.0 KB)
Extracting: E:\nmlx5_rd.v00 (113.3 KB)
Extracting: E:\ntg3.v00 (35.3 KB)
Extracting: E:\nvmerdma.v00 (47.7 KB)
Extracting: E:\nvmetcp.v00 (63.1 KB)
Extracting: E:\nvme_pci.v00 (44 KB)
Extracting: E:\nvmxnet3.v00 (58.1 KB)
Extracting: E:\nvmxnet3.v01 (61.9 KB)
Extracting: E:\procfs.b00 (8.9 KB)
Extracting: E:\pvscsi.v00 (29.3 KB)
Extracting: E:\qcnic.v00 (87.8 KB)
Extracting: E:\qedentv.v00 (1.6 MB)
Extracting: E:\qedrntv.v00 (1.3 MB)
Extracting: E:\qfle3.v00 (925.0 KB)
Extracting: E:\qfle3f.v00 (339.4 KB)
Extracting: E:\qfle3i.v00 (107.5 KB)
Extracting: E:\qflge.v00 (197.3 KB)
Extracting: E:\qlnative.v00 (872.8 KB)
Extracting: E:\rdmahl.v00 (163.7 KB)
Extracting: E:\resvibs.tgz (45 bytes)
Extracting: E:\rste.v00 (214.5 KB)
Extracting: E:\s.v00 (25.2 MB)
Extracting: E:\safeboot.c32 (69.5 KB)
Extracting: E:\sb.v00 (50.6 MB)
Extracting: E:\sfvmk.v00 (240.5 KB)
Extracting: E:\smartpqi.v00 (183.8 KB)
Extracting: E:\tools.t00 (162.4 MB)
Extracting: E:\tpm.v00 (9.0 KB)
Extracting: E:\tpmesxup.v00 (3.5 KB)
Extracting: E:\trx.v00 (7.1 MB)
Extracting: E:\uc_amd.b00 (26.2 KB)
Extracting: E:\uc_hygon.b00 (29 bytes)
Extracting: E:\uc_intel.b00 (3.4 MB)
Extracting: E:\upgrade\esximage.zip (2.4 MB)
Extracting: E:\upgrade\extlinux (62.5 KB)
Extracting: E:\upgrade\gptmbr.bin (424 bytes)
Extracting: E:\upgrade\mbr.bin (440 bytes)
Extracting: E:\upgrade\metadata.xml (1.7 KB)
Extracting: E:\upgrade\metadata.zip (299.4 KB)
Extracting: E:\upgrade\precheck.py (158.9 KB)
Extracting: E:\upgrade\prep.py (5.5 KB)
Extracting: E:\upgrade\profile.xml (20.8 KB)
Extracting: E:\useropts.gz (21 bytes)
Extracting: E:\vdfs.v00 (3.6 MB)
Extracting: E:\vds_vsip.v00 (1.4 MB)
Extracting: E:\vim.v00 (41.1 MB)
Extracting: E:\vmkata.v00 (56.6 KB)
Extracting: E:\vmksdhci.v00 (91.2 KB)
Extracting: E:\vmkusb.v00 (328.4 KB)
Extracting: E:\vmware-esx-base-osl.txt (34 MB)
Extracting: E:\vmware-esx-base-readme (2.2 KB)
Extracting: E:\vmware_e.v00 (48.1 KB)
Extracting: E:\vmw_ahci.v00 (65.4 KB)
Extracting: E:\vmx.v00 (37.7 MB)
Extracting: E:\vsan.v00 (11.9 MB)
Extracting: E:\vsanheal.v00 (529.9 KB)
Extracting: E:\vsanmgmt.v00 (4.2 MB)
Extracting: E:\weaselin.v00 (1.2 MB)
Extracting: E:\xorg.v00 (1.4 MB)
Created: E:\syslinux.cfg → /isolinux.cfg
Finalizing, please wait...
Created: E:autorun.inf
Created: E:autorun.ico

Could not get node connection information for 'USB\VID_0951&PID_1643\F46D04613DF5FBCOF96723E': [0x00000057] The parameter is incorrect.
Found USB device 'Kingston DataTraveler G3 USB Device' (0951:1643) [ID]
Could not get device number for device \\.\T: [0x00000057] The parameter is incorrect.
Using 'autorun.inf' label for drive E: 'ESXI-8.0U2-22380479-STANDARD'
Could not get device number for device \\.\T: [0x00000057] The parameter is incorrect.
1 device found
Disk type: Removable, Disk size: 4GB, Sector size: 512 bytes
Cylinders: 485, Tracks per cylinder: 255, Sectors per track: 63
Partition type: MBR, NB Partitions: 1
Disk ID: 0x1F69147A
Drive has a Syslinux Master Boot Record
Partition 1:
  Type: FAT32 LBA (0x0c)
  Detected File System: FAT32
  Size: 3.7 GB (3994025984 bytes)
  Start Sector: 2048, Boot: Yes
